[debug] [2024-03-13T11:59:38.732Z] ----------------------------------------------------------------------
[debug] [2024-03-13T11:59:38.736Z] Command:       C:\Program Files\nodejs\node.exe C:\Users\WINDOWS 10\OneDrive\Desktop\react-app\Usersaakash2060.npm-global\node_modules\firebase-tools\lib\bin\firebase.js init
[debug] [2024-03-13T11:59:38.736Z] CLI Version:   13.4.1
[debug] [2024-03-13T11:59:38.736Z] Platform:      win32
[debug] [2024-03-13T11:59:38.737Z] Node Version:  v20.11.1
[debug] [2024-03-13T11:59:38.737Z] Time:          Wed Mar 13 2024 06:59:38 GMT-0500 (Central Daylight Time)
[debug] [2024-03-13T11:59:38.737Z] ----------------------------------------------------------------------
[debug] 
[debug] [2024-03-13T11:59:38.872Z] > command requires scopes: ["email","openid","https://www.googleapis.com/auth/cloudplatformprojects.readonly","https://www.googleapis.com/auth/firebase","https://www.googleapis.com/auth/cloud-platform"]
[debug] [2024-03-13T11:59:38.873Z] > authorizing via signed-in user (aakash.poudel@selu.edu)
[info] 
     ######## #### ########  ######## ########     ###     ######  ########
     ##        ##  ##     ## ##       ##     ##  ##   ##  ##       ##
     ######    ##  ########  ######   ########  #########  ######  ######
     ##        ##  ##    ##  ##       ##     ## ##     ##       ## ##
     ##       #### ##     ## ######## ########  ##     ##  ######  ########

You're about to initialize a Firebase project in this directory:

  C:\Users\WINDOWS 10\React\tax

Before we get started, keep in mind:

  * You are initializing within an existing Firebase project directory

